23:19:20.964 [main                     ] DEBUG Logger               - Configured Logger
23:19:20.992 [main                     ] DEBUG GameApplication      - Logging settings
Title: Shoot_Test
Version: 1.0
Width: 800
Height: 600
Fullscreen: false
Intro: false
Profiling: false
Single step:false
App Mode: DEVELOPER
Menu Key: ESCAPE
Stage Style: DECORATED
Scene Factory: class com.almasb.fxgl.app.scene.SceneFactory

23:19:21.320 [JavaFX Application Thread] DEBUG FXGLApplication      - Initializing FXGL
23:19:21.325 [JavaFX Application Thread] INFO  Engine               - FXGL-17 (31.12.2021 18.16) on WINDOWS (J:17.0.2 FX:17.0.1)
23:19:21.325 [JavaFX Application Thread] DEBUG Engine               - JRE Vendor Name: Oracle Corporation
23:19:21.325 [JavaFX Application Thread] DEBUG Engine               - Running on OS: Windows 10 version 10.0
23:19:21.325 [JavaFX Application Thread] DEBUG Engine               - Architecture: amd64
23:19:21.325 [JavaFX Application Thread] INFO  Engine               - Source code and latest versions at: https://github.com/AlmasB/FXGL
23:19:21.325 [JavaFX Application Thread] INFO  Engine               -       Ask questions and discuss at: https://github.com/AlmasB/FXGL/discussions
23:19:21.325 [JavaFX Application Thread] INFO  Engine               -              Join the FXGL chat at: https://gitter.im/AlmasB/FXGL
23:19:21.396 [JavaFX Application Thread] DEBUG PrimaryStageWindow   - Creating a JavaFX scene
23:19:21.434 [JavaFX Application Thread] DEBUG PrimaryStageWindow   - Target settings size: 800.0 x 600.0
23:19:21.434 [JavaFX Application Thread] DEBUG PrimaryStageWindow   - Scaled scene size:    800.0 x 600.0
23:19:21.435 [JavaFX Application Thread] DEBUG PrimaryStageWindow   - Scaled ratio: (1.0, 1.0)
23:19:21.436 [JavaFX Application Thread] DEBUG PrimaryStageWindow   - Set initial scene to FXGLStartupScene
23:19:21.442 [JavaFX Application Thread] DEBUG PrimaryStageWindow   - Opening main window
23:19:21.519 [JavaFX Application Thread] DEBUG PrimaryStageWindow   - Window border size: (16.0, 39.0)
23:19:21.519 [JavaFX Application Thread] DEBUG PrimaryStageWindow   - Scaled size: 800.0 x 600.0
23:19:21.520 [JavaFX Application Thread] DEBUG PrimaryStageWindow   - Scaled ratio: (1.0, 1.0)
23:19:21.520 [JavaFX Application Thread] DEBUG PrimaryStageWindow   - Scene size: 800.0 x 600.0
23:19:21.520 [JavaFX Application Thread] DEBUG PrimaryStageWindow   - Stage size: 816.0 x 639.0
23:19:21.527 [FXGL Background Thread 1 ] DEBUG Engine               - Initializing environment variables
23:19:21.560 [FXGL Background Thread 1 ] DEBUG FXGLAssetLoaderServi - User app class for loading assets: class com.example.snake_test.Snake_Main
23:19:21.560 [FXGL Background Thread 1 ] DEBUG GameApplicationServi - Applying CSS: fxgl_dark.css
23:19:21.561 [FXGL Background Thread 1 ] DEBUG FXGLAssetLoaderServi - Loading from file system: jar:file:///C:/Users/alexb/.m2/repository/com/github/almasb/fxgl/17/fxgl-17.jar!/fxglassets/ui/css/fxgl_dark.css
23:19:21.603 [FXGL Background Thread 1 ] DEBUG GameApplicationServi - Initializing application scenes
23:19:21.638 [FXGL Background Thread 1 ] DEBUG GameWorld            - Game world initialized
23:19:21.705 [FXGL Background Thread 1 ] DEBUG PhysicsWorld         - Physics world initialized: appHeight=600, physics.ppm=50.0
23:19:21.706 [FXGL Background Thread 1 ] DEBUG PhysicsWorld         - Using strategy: BRUTE_FORCE
23:19:21.710 [FXGL Background Thread 1 ] DEBUG GameScene            - Game scene initialized: 800x600
23:19:21.722 [FXGL Background Thread 1 ] DEBUG FXGL.DefaultMenu     - createMenuBodyMainMenu()
23:19:21.734 [FXGL Background Thread 1 ] DEBUG FXGL.DefaultMenu     - createOptionsMenu()
23:19:21.744 [FXGL Background Thread 1 ] DEBUG FXGLAssetLoaderServi - Loading from file system: jar:file:///C:/Users/alexb/.m2/repository/com/github/almasb/fxgl/17/fxgl-17.jar!/fxglassets/textures/particles/smoke.png
23:19:21.836 [FXGL Background Thread 1 ] DEBUG FXGLAssetLoaderServi - Loading from file system: jar:file:///C:/Users/alexb/.m2/repository/com/github/almasb/fxgl/17/fxgl-17.jar!/fxglassets/textures/particles/trace_horizontal.png
23:19:21.877 [FXGL Background Thread 1 ] DEBUG FXGL.DefaultMenu     - createMenuBodyGameMenu()
23:19:21.878 [FXGL Background Thread 1 ] DEBUG FXGL.DefaultMenu     - createOptionsMenu()
23:19:21.896 [FXGL Background Thread 1 ] DEBUG GameApplicationServi - Application scenes initialized
23:19:21.909 [FXGL Background Thread 1 ] DEBUG SystemBundleService  - Loading FXGL system data
23:19:21.915 [FXGL Background Thread 1 ] DEBUG FileSystemAccess     - Reading from: C:\Users\alexb\IdeaProjects\Arcade_Game\system\fxgl.bundle
23:19:21.922 [FXGL Background Thread 1 ] DEBUG SystemBundleService  - Bundle FXGL: {}
23:19:21.922 [FXGL Background Thread 1 ] DEBUG UpdaterService       - Checking for updates
23:19:21.926 [FXGL Background Thread 4 ] DEBUG FXGLApplication      - Loading fonts
23:19:21.927 [FXGL Background Thread 1 ] DEBUG FXGLApplication      - Loading default localization
23:19:21.927 [FXGL Background Thread 4 ] DEBUG FXGLAssetLoaderServi - Loading from file system: jar:file:///C:/Users/alexb/.m2/repository/com/github/almasb/fxgl/17/fxgl-17.jar!/fxglassets/ui/fonts/VarelaRound-Regular.ttf
23:19:21.927 [FXGL Background Thread 1 ] DEBUG FXGLAssetLoaderServi - Loading from file system: jar:file:///C:/Users/alexb/.m2/repository/com/github/almasb/fxgl/17/fxgl-17.jar!/fxglassets/languages/english.lang
23:19:21.944 [FXGL Background Thread 1 ] INFO  FXGLApplication      - FXGL initialization took: 0.417 sec
23:19:21.955 [JavaFX Application Thread] DEBUG Input                - Registered new binding: action0 - W
23:19:21.956 [JavaFX Application Thread] DEBUG Input                - Registered new binding: action1 - S
23:19:21.956 [JavaFX Application Thread] DEBUG Input                - Registered new binding: action2 - A
23:19:21.956 [JavaFX Application Thread] DEBUG Input                - Registered new binding: action3 - D
23:19:21.957 [JavaFX Application Thread] DEBUG Input                - Registered new binding: action4 - Right
23:19:21.957 [JavaFX Application Thread] DEBUG Input                - Registered new binding: action5 - Left
23:19:21.958 [JavaFX Application Thread] DEBUG Input                - Registered new binding: action6 - Up
23:19:21.958 [JavaFX Application Thread] DEBUG Input                - Registered new binding: action7 - Down
23:19:21.958 [JavaFX Application Thread] DEBUG FXGLAssetLoaderServi - Loading from file system: jar:file:///C:/Users/alexb/.m2/repository/com/github/almasb/fxgl/17/fxgl-17.jar!/fxglassets/textures/fxgl_icon.png
23:19:21.983 [JavaFX Application Thread] DEBUG FXGLAssetLoaderServi - Loading from file system: jar:file:///C:/Users/alexb/.m2/repository/com/github/almasb/fxgl/17/fxgl-17.jar!/fxglassets/textures/fxgl_default_cursor.png
23:19:21.985 [JavaFX Application Thread] DEBUG Input                - Registered new binding: Screenshot - CTRL+8
23:19:21.986 [JavaFX Application Thread] DEBUG Input                - Registered new binding: System info dump - CTRL+9
23:19:21.986 [JavaFX Application Thread] DEBUG Input                - Registered new binding: Restart - CTRL+R
23:19:21.986 [JavaFX Application Thread] DEBUG Input                - Registered new binding: Toggle Debug Camera - CTRL+7
23:19:21.989 [JavaFX Application Thread] DEBUG LoopRunner           - Starting loop
23:19:21.989 [JavaFX Application Thread] DEBUG LoopRunner           - Initializing JavaFX AnimationTimerLoop
23:19:21.992 [JavaFX Application Thread] DEBUG Input                - Clearing active input actions
23:19:21.998 [FXGL Background Thread 4 ] DEBUG FXGLAssetLoaderServi - Loading from file system: jar:file:///C:/Users/alexb/.m2/repository/com/github/almasb/fxgl/17/fxgl-17.jar!/fxglassets/ui/fonts/Abel-Regular.ttf
23:19:22.000 [JavaFX Application Thread] DEBUG GameApplicationServi - Removing overlay from FXGLStartupScene and adding to FXGLMainMenuDummyScene
23:19:22.000 [JavaFX Application Thread] DEBUG PrimaryStageWindow   - FXGLStartupScene -> FXGLMainMenuDummyScene
23:19:22.000 [JavaFX Application Thread] DEBUG PrimaryStageWindow   - Push state: FXGLDefaultMenu
23:19:22.002 [FXGL Background Thread 4 ] DEBUG FXGLAssetLoaderServi - Loading from file system: jar:file:///C:/Users/alexb/.m2/repository/com/github/almasb/fxgl/17/fxgl-17.jar!/fxglassets/ui/fonts/TerminalLandMono-Regular.otf
23:19:22.005 [FXGL Background Thread 4 ] DEBUG FXGLAssetLoaderServi - Loading from file system: jar:file:///C:/Users/alexb/.m2/repository/com/github/almasb/fxgl/17/fxgl-17.jar!/fxglassets/ui/fonts/Courier-Prime.ttf
23:19:22.005 [JavaFX Application Thread] DEBUG Input                - Clearing active input actions
23:19:22.013 [JavaFX Application Thread] DEBUG GameApplicationServi - Removing overlay from FXGLMainMenuDummyScene and adding to FXGLDefaultMenu
23:19:22.014 [JavaFX Application Thread] DEBUG PrimaryStageWindow   - FXGLMainMenuDummyScene -> FXGLDefaultMenu
23:19:22.082 [JavaFX Application Thread] DEBUG FXGLApplication      - Registering font factories with UI factory
23:19:22.614 [FXGL Background Thread 2 ] INFO  UpdaterService       - Your current version:  17
23:19:22.615 [FXGL Background Thread 2 ] INFO  UpdaterService       - Latest stable version: 17.2
23:19:23.136 [JavaFX Application Thread] DEBUG Menu                 - fireNewGame()
23:19:23.136 [JavaFX Application Thread] DEBUG GameApplicationServi - Starting new game
23:19:23.138 [JavaFX Application Thread] DEBUG PrimaryStageWindow   - Pop state: FXGLDefaultMenu
23:19:23.138 [JavaFX Application Thread] DEBUG Input                - Clearing active input actions
23:19:23.138 [JavaFX Application Thread] DEBUG GameApplicationServi - Removing overlay from FXGLDefaultMenu and adding to FXGLMainMenuDummyScene
23:19:23.138 [JavaFX Application Thread] DEBUG PrimaryStageWindow   - FXGLMainMenuDummyScene <- FXGLDefaultMenu
23:19:23.139 [JavaFX Application Thread] DEBUG Input                - Clearing active input actions
23:19:23.145 [JavaFX Application Thread] DEBUG GameApplicationServi - Removing overlay from FXGLMainMenuDummyScene and adding to FXGLLoadingScene
23:19:23.146 [JavaFX Application Thread] DEBUG PrimaryStageWindow   - FXGLMainMenuDummyScene -> FXGLLoadingScene
23:19:23.146 [JavaFX Application Thread] DEBUG GameApplicationServi - Clearing previous game
23:19:23.146 [JavaFX Application Thread] DEBUG GameScene            - Clearing game scene
23:19:23.146 [JavaFX Application Thread] DEBUG GameWorld            - Clearing game world
23:19:23.146 [JavaFX Application Thread] DEBUG PhysicsWorld         - Clearing physics world
23:19:23.147 [FXGL Background Thread 2 ] DEBUG FXGLApplication      - Initializing game
23:19:23.167 [FXGL Background Thread 2 ] INFO  FXGLApplication      - Game initialization took: 0.020 sec
23:19:23.168 [JavaFX Application Thread] DEBUG Input                - Clearing active input actions
23:19:23.175 [JavaFX Application Thread] DEBUG GameApplicationServi - Removing overlay from FXGLLoadingScene and adding to GameScene
23:19:23.175 [JavaFX Application Thread] DEBUG PrimaryStageWindow   - FXGLLoadingScene -> GameScene
23:19:24.927 [FXGL Background Thread 3 ] DEBUG Engine               - Logging environment variables
23:19:24.927 [FXGL Background Thread 3 ] DEBUG Engine               - achievements: []
23:19:24.927 [FXGL Background Thread 3 ] DEBUG Engine               - actualHeight: 600.0
23:19:24.927 [FXGL Background Thread 3 ] DEBUG Engine               - actualHeightProperty: ReadOnlyDoubleProperty [value: 600.0]
23:19:24.927 [FXGL Background Thread 3 ] DEBUG Engine               - actualWidth: 800.0
23:19:24.927 [FXGL Background Thread 3 ] DEBUG Engine               - actualWidthProperty: ReadOnlyDoubleProperty [value: 800.0]
23:19:24.927 [FXGL Background Thread 3 ] DEBUG Engine               - appIcon: fxgl_icon.png
23:19:24.928 [FXGL Background Thread 3 ] DEBUG Engine               - applicationMode: DEVELOPER
23:19:24.928 [FXGL Background Thread 3 ] DEBUG Engine               - cSSList: [fxgl_dark.css]
23:19:24.928 [FXGL Background Thread 3 ] DEBUG Engine               - collisionDetectionStrategy: BRUTE_FORCE
23:19:24.928 [FXGL Background Thread 3 ] DEBUG Engine               - configClass: Optional.empty
23:19:24.928 [FXGL Background Thread 3 ] DEBUG Engine               - credits: []
23:19:24.928 [FXGL Background Thread 3 ] DEBUG Engine               - defaultCursor: CursorInfo(imageName=fxgl_default_cursor.png, hotspotX=7.0, hotspotY=6.0)
23:19:24.928 [FXGL Background Thread 3 ] DEBUG Engine               - devBBoxColorProperty: ObjectProperty [value: 0xff0000ff]
23:19:24.929 [FXGL Background Thread 3 ] DEBUG Engine               - devEnableDebugCameraProperty: BooleanProperty [value: false]
23:19:24.929 [FXGL Background Thread 3 ] DEBUG Engine               - devSensorColorProperty: ObjectProperty [value: 0xffff00ff]
23:19:24.929 [FXGL Background Thread 3 ] DEBUG Engine               - devShowBBoxProperty: BooleanProperty [value: false]
23:19:24.929 [FXGL Background Thread 3 ] DEBUG Engine               - devShowPositionProperty: BooleanProperty [value: false]
23:19:24.929 [FXGL Background Thread 3 ] DEBUG Engine               - enabledMenuItems: []
23:19:24.929 [FXGL Background Thread 3 ] DEBUG Engine               - engineServices: [class com.almasb.fxgl.app.services.FXGLAssetLoaderService, class com.almasb.fxgl.app.FXGLApplication$GameApplicationService, class com.almasb.fxgl.app.services.FXGLDialogService, class com.almasb.fxgl.app.services.IOTaskExecutorService, class com.almasb.fxgl.io.FileSystemService, class com.almasb.fxgl.localization.LocalizationService, class com.almasb.fxgl.app.services.SystemBundleService, class com.almasb.fxgl.profile.SaveLoadService, class com.almasb.fxgl.ui.FXGLUIFactoryServiceProvider, class com.almasb.fxgl.ui.FXGLDialogFactoryServiceProvider, class com.almasb.fxgl.audio.AudioPlayer, class com.almasb.fxgl.notification.impl.NotificationServiceProvider, class com.almasb.fxgl.achievement.AchievementService, class com.almasb.fxgl.cutscene.CutsceneService, class com.almasb.fxgl.minigames.MiniGameService, class com.almasb.fxgl.net.NetService, class com.almasb.fxgl.app.services.UpdaterService, class com.almasb.fxgl.dev.DevService]
23:19:24.929 [FXGL Background Thread 3 ] DEBUG Engine               - fontGame: Abel-Regular.ttf
23:19:24.929 [FXGL Background Thread 3 ] DEBUG Engine               - fontMono: TerminalLandMono-Regular.otf
23:19:24.929 [FXGL Background Thread 3 ] DEBUG Engine               - fontText: Courier-Prime.ttf
23:19:24.929 [FXGL Background Thread 3 ] DEBUG Engine               - fontUI: VarelaRound-Regular.ttf
23:19:24.929 [FXGL Background Thread 3 ] DEBUG Engine               - fullScreen: BooleanProperty [value: false]
23:19:24.929 [FXGL Background Thread 3 ] DEBUG Engine               - gameDifficulty: MEDIUM
23:19:24.929 [FXGL Background Thread 3 ] DEBUG Engine               - gameDifficultyProperty: ObjectProperty [value: MEDIUM]
23:19:24.929 [FXGL Background Thread 3 ] DEBUG Engine               - globalMusicVolume: 0.5
23:19:24.930 [FXGL Background Thread 3 ] DEBUG Engine               - globalMusicVolumeProperty: DoubleProperty [value: 0.5]
23:19:24.930 [FXGL Background Thread 3 ] DEBUG Engine               - globalSoundVolume: 0.5
23:19:24.930 [FXGL Background Thread 3 ] DEBUG Engine               - globalSoundVolumeProperty: DoubleProperty [value: 0.5]
23:19:24.930 [FXGL Background Thread 3 ] DEBUG Engine               - height: 600
23:19:24.930 [FXGL Background Thread 3 ] DEBUG Engine               - is3D: false
23:19:24.930 [FXGL Background Thread 3 ] DEBUG Engine               - isAndroid: false
23:19:24.930 [FXGL Background Thread 3 ] DEBUG Engine               - isBrowser: false
23:19:24.930 [FXGL Background Thread 3 ] DEBUG Engine               - isClickFeedbackEnabled: false
23:19:24.930 [FXGL Background Thread 3 ] DEBUG Engine               - isCloseConfirmation: false
23:19:24.930 [FXGL Background Thread 3 ] DEBUG Engine               - isDesktop: true
23:19:24.930 [FXGL Background Thread 3 ] DEBUG Engine               - isDeveloperMenuEnabled: false
23:19:24.930 [FXGL Background Thread 3 ] DEBUG Engine               - isEmbedded: false
23:19:24.931 [FXGL Background Thread 3 ] DEBUG Engine               - isEntityPreloadEnabled: true
23:19:24.931 [FXGL Background Thread 3 ] DEBUG Engine               - isExperimentalTiledLargeMap: false
23:19:24.931 [FXGL Background Thread 3 ] DEBUG Engine               - isFileSystemWriteAllowed: true
23:19:24.931 [FXGL Background Thread 3 ] DEBUG Engine               - isFullScreenAllowed: false
23:19:24.931 [FXGL Background Thread 3 ] DEBUG Engine               - isFullScreenFromStart: false
23:19:24.931 [FXGL Background Thread 3 ] DEBUG Engine               - isGameMenuEnabled: true
23:19:24.931 [FXGL Background Thread 3 ] DEBUG Engine               - isIOS: false
23:19:24.931 [FXGL Background Thread 3 ] DEBUG Engine               - isIntroEnabled: false
23:19:24.931 [FXGL Background Thread 3 ] DEBUG Engine               - isLinux: false
23:19:24.931 [FXGL Background Thread 3 ] DEBUG Engine               - isMac: false
23:19:24.931 [FXGL Background Thread 3 ] DEBUG Engine               - isMainMenuEnabled: true
23:19:24.931 [FXGL Background Thread 3 ] DEBUG Engine               - isManualResizeEnabled: false
23:19:24.932 [FXGL Background Thread 3 ] DEBUG Engine               - isMobile: false
23:19:24.932 [FXGL Background Thread 3 ] DEBUG Engine               - isNative: false
23:19:24.932 [FXGL Background Thread 3 ] DEBUG Engine               - isPauseMusicWhenMinimized: true
23:19:24.932 [FXGL Background Thread 3 ] DEBUG Engine               - isPreserveResizeRatio: false
23:19:24.932 [FXGL Background Thread 3 ] DEBUG Engine               - isProfilingEnabled: false
23:19:24.932 [FXGL Background Thread 3 ] DEBUG Engine               - isScaleAffectedOnResize: true
23:19:24.932 [FXGL Background Thread 3 ] DEBUG Engine               - isSingleStep: false
23:19:24.932 [FXGL Background Thread 3 ] DEBUG Engine               - isUserProfileEnabled: false
23:19:24.932 [FXGL Background Thread 3 ] DEBUG Engine               - isWindows: true
23:19:24.932 [FXGL Background Thread 3 ] DEBUG Engine               - language: ObjectProperty [value: ENGLISH]
23:19:24.932 [FXGL Background Thread 3 ] DEBUG Engine               - menuKey: ESCAPE
23:19:24.933 [FXGL Background Thread 3 ] DEBUG Engine               - mouseSensitivity: 0.2
23:19:24.933 [FXGL Background Thread 3 ] DEBUG Engine               - notificationViewClass: class com.almasb.fxgl.notification.view.XboxNotificationView
23:19:24.933 [FXGL Background Thread 3 ] DEBUG Engine               - pixelsPerMeter: 50.0
23:19:24.933 [FXGL Background Thread 3 ] DEBUG Engine               - platform: WINDOWS
23:19:24.933 [FXGL Background Thread 3 ] DEBUG Engine               - prefHeightProperty: ReadOnlyDoubleProperty [value: 600.0]
23:19:24.933 [FXGL Background Thread 3 ] DEBUG Engine               - prefWidthProperty: ReadOnlyDoubleProperty [value: 800.0]
23:19:24.933 [FXGL Background Thread 3 ] DEBUG Engine               - profileDir: profiles/
23:19:24.933 [FXGL Background Thread 3 ] DEBUG Engine               - profileName: StringProperty [value: DEFAULT]
23:19:24.933 [FXGL Background Thread 3 ] DEBUG Engine               - randomSeed: -1
23:19:24.934 [FXGL Background Thread 3 ] DEBUG Engine               - runtimeInfo: RuntimeInfo(platform=WINDOWS, version=17, build=31.12.2021 18.16)
23:19:24.934 [FXGL Background Thread 3 ] DEBUG Engine               - saveFileExt: sav
23:19:24.934 [FXGL Background Thread 3 ] DEBUG Engine               - scaledHeightProp$fxgl: DoubleProperty [bound, value: 600.0]
23:19:24.934 [FXGL Background Thread 3 ] DEBUG Engine               - scaledWidthProp$fxgl: DoubleProperty [bound, value: 800.0]
23:19:24.934 [FXGL Background Thread 3 ] DEBUG Engine               - sceneFactory: com.almasb.fxgl.app.scene.SceneFactory@46e21524
23:19:24.934 [FXGL Background Thread 3 ] DEBUG Engine               - secondsIn24h: 60
23:19:24.934 [FXGL Background Thread 3 ] DEBUG Engine               - soundMenuBack: menu/back.wav
23:19:24.934 [FXGL Background Thread 3 ] DEBUG Engine               - soundMenuPress: menu/press.wav
23:19:24.934 [FXGL Background Thread 3 ] DEBUG Engine               - soundMenuSelect: menu/select.wav
23:19:24.934 [FXGL Background Thread 3 ] DEBUG Engine               - soundNotification: core/notification.wav
23:19:24.934 [FXGL Background Thread 3 ] DEBUG Engine               - stageStyle: DECORATED
23:19:24.934 [FXGL Background Thread 3 ] DEBUG Engine               - supportedLanguages: [ENGLISH, FRENCH, GERMAN, HUNGARIAN, RUSSIAN]
23:19:24.934 [FXGL Background Thread 3 ] DEBUG Engine               - ticksPerSecond: -1
23:19:24.934 [FXGL Background Thread 3 ] DEBUG Engine               - title: Shoot_Test
23:19:24.934 [FXGL Background Thread 3 ] DEBUG Engine               - urlGithub: https://github.com/AlmasB/FXGL
23:19:24.935 [FXGL Background Thread 3 ] DEBUG Engine               - urlLeaderboard: http://fxgl-top.herokuapp.com/
23:19:24.935 [FXGL Background Thread 3 ] DEBUG Engine               - urlPOM: https://raw.githubusercontent.com/AlmasB/FXGL/release/README.md
23:19:24.935 [FXGL Background Thread 3 ] DEBUG Engine               - userAppClass: class com.example.snake_test.Snake_Main
23:19:24.935 [FXGL Background Thread 3 ] DEBUG Engine               - version: 1.0
23:19:24.935 [FXGL Background Thread 3 ] DEBUG Engine               - versionCheckDays: 7
23:19:24.935 [FXGL Background Thread 3 ] DEBUG Engine               - width: 800
23:19:24.935 [FXGL Background Thread 3 ] DEBUG Engine               - Logging services
23:19:24.935 [FXGL Background Thread 3 ] DEBUG Engine               - class com.almasb.fxgl.app.services.FXGLAssetLoaderService
23:19:24.935 [FXGL Background Thread 3 ] DEBUG Engine               - class com.almasb.fxgl.app.FXGLApplication$GameApplicationService
23:19:24.935 [FXGL Background Thread 3 ] DEBUG Engine               - class com.almasb.fxgl.app.services.FXGLDialogService
23:19:24.935 [FXGL Background Thread 3 ] DEBUG Engine               - class com.almasb.fxgl.app.services.IOTaskExecutorService
23:19:24.935 [FXGL Background Thread 3 ] DEBUG Engine               - class com.almasb.fxgl.io.FileSystemService
23:19:24.936 [FXGL Background Thread 3 ] DEBUG Engine               - class com.almasb.fxgl.localization.LocalizationService
23:19:24.936 [FXGL Background Thread 3 ] DEBUG Engine               - class com.almasb.fxgl.app.services.SystemBundleService
23:19:24.936 [FXGL Background Thread 3 ] DEBUG Engine               - class com.almasb.fxgl.profile.SaveLoadService
23:19:24.936 [FXGL Background Thread 3 ] DEBUG Engine               - class com.almasb.fxgl.ui.FXGLUIFactoryServiceProvider
23:19:24.936 [FXGL Background Thread 3 ] DEBUG Engine               - class com.almasb.fxgl.ui.FXGLDialogFactoryServiceProvider
23:19:24.936 [FXGL Background Thread 3 ] DEBUG Engine               - class com.almasb.fxgl.audio.AudioPlayer
23:19:24.936 [FXGL Background Thread 3 ] DEBUG Engine               - class com.almasb.fxgl.notification.impl.NotificationServiceProvider
23:19:24.936 [FXGL Background Thread 3 ] DEBUG Engine               - class com.almasb.fxgl.achievement.AchievementService
23:19:24.936 [FXGL Background Thread 3 ] DEBUG Engine               - class com.almasb.fxgl.cutscene.CutsceneService
23:19:24.936 [FXGL Background Thread 3 ] DEBUG Engine               - class com.almasb.fxgl.minigames.MiniGameService
23:19:24.937 [FXGL Background Thread 3 ] DEBUG Engine               - class com.almasb.fxgl.net.NetService
23:19:24.937 [FXGL Background Thread 3 ] DEBUG Engine               - class com.almasb.fxgl.app.services.UpdaterService
23:19:24.937 [FXGL Background Thread 3 ] DEBUG Engine               - class com.almasb.fxgl.dev.DevService
23:19:26.393 [JavaFX Application Thread] DEBUG FXGLApplication      - Exiting FXGL
23:19:26.393 [JavaFX Application Thread] DEBUG LoopRunner           - Stopping loop
23:19:26.394 [JavaFX Application Thread] DEBUG SystemBundleService  - Saving FXGL system data
23:19:26.395 [JavaFX Application Thread] DEBUG FileSystemAccess     - Writing to: C:\Users\alexb\IdeaProjects\Arcade_Game\system\fxgl.bundle
23:19:26.396 [JavaFX Application Thread] DEBUG Async                - Shutting down background threads
23:19:26.396 [JavaFX Application Thread] DEBUG PrimaryStageWindow   - Closing main window
23:19:26.403 [JavaFX Application Thread] DEBUG Logger               - Closing Logger
