23:19:55.656 [main                     ] DEBUG Logger               - Configured Logger
23:19:55.678 [main                     ] DEBUG GameApplication      - Logging settings
Title: Shoot_Test
Version: 1.0
Width: 800
Height: 600
Fullscreen: false
Intro: false
Profiling: false
Single step:false
App Mode: DEVELOPER
Menu Key: ESCAPE
Stage Style: DECORATED
Scene Factory: class com.almasb.fxgl.app.scene.SceneFactory

23:19:56.022 [JavaFX Application Thread] DEBUG FXGLApplication      - Initializing FXGL
23:19:56.026 [JavaFX Application Thread] INFO  Engine               - FXGL-17 (31.12.2021 18.16) on WINDOWS (J:17.0.2 FX:17.0.1)
23:19:56.027 [JavaFX Application Thread] DEBUG Engine               - JRE Vendor Name: Oracle Corporation
23:19:56.027 [JavaFX Application Thread] DEBUG Engine               - Running on OS: Windows 10 version 10.0
23:19:56.027 [JavaFX Application Thread] DEBUG Engine               - Architecture: amd64
23:19:56.027 [JavaFX Application Thread] INFO  Engine               - Source code and latest versions at: https://github.com/AlmasB/FXGL
23:19:56.028 [JavaFX Application Thread] INFO  Engine               -       Ask questions and discuss at: https://github.com/AlmasB/FXGL/discussions
23:19:56.028 [JavaFX Application Thread] INFO  Engine               -              Join the FXGL chat at: https://gitter.im/AlmasB/FXGL
23:19:56.089 [JavaFX Application Thread] DEBUG PrimaryStageWindow   - Creating a JavaFX scene
23:19:56.119 [JavaFX Application Thread] DEBUG PrimaryStageWindow   - Target settings size: 800.0 x 600.0
23:19:56.119 [JavaFX Application Thread] DEBUG PrimaryStageWindow   - Scaled scene size:    800.0 x 600.0
23:19:56.119 [JavaFX Application Thread] DEBUG PrimaryStageWindow   - Scaled ratio: (1.0, 1.0)
23:19:56.120 [JavaFX Application Thread] DEBUG PrimaryStageWindow   - Set initial scene to FXGLStartupScene
23:19:56.125 [JavaFX Application Thread] DEBUG PrimaryStageWindow   - Opening main window
23:19:56.180 [JavaFX Application Thread] DEBUG PrimaryStageWindow   - Window border size: (16.0, 39.0)
23:19:56.180 [JavaFX Application Thread] DEBUG PrimaryStageWindow   - Scaled size: 800.0 x 600.0
23:19:56.180 [JavaFX Application Thread] DEBUG PrimaryStageWindow   - Scaled ratio: (1.0, 1.0)
23:19:56.181 [JavaFX Application Thread] DEBUG PrimaryStageWindow   - Scene size: 800.0 x 600.0
23:19:56.181 [JavaFX Application Thread] DEBUG PrimaryStageWindow   - Stage size: 816.0 x 639.0
23:19:56.187 [FXGL Background Thread 1 ] DEBUG Engine               - Initializing environment variables
23:19:56.212 [FXGL Background Thread 1 ] DEBUG FXGLAssetLoaderServi - User app class for loading assets: class com.example.snake_test.Snake_Main
23:19:56.212 [FXGL Background Thread 1 ] DEBUG GameApplicationServi - Applying CSS: fxgl_dark.css
23:19:56.213 [FXGL Background Thread 1 ] DEBUG FXGLAssetLoaderServi - Loading from file system: jar:file:///C:/Users/alexb/.m2/repository/com/github/almasb/fxgl/17/fxgl-17.jar!/fxglassets/ui/css/fxgl_dark.css
23:19:56.255 [FXGL Background Thread 1 ] DEBUG GameApplicationServi - Initializing application scenes
23:19:56.286 [FXGL Background Thread 1 ] DEBUG GameWorld            - Game world initialized
23:19:56.350 [FXGL Background Thread 1 ] DEBUG PhysicsWorld         - Physics world initialized: appHeight=600, physics.ppm=50.0
23:19:56.351 [FXGL Background Thread 1 ] DEBUG PhysicsWorld         - Using strategy: BRUTE_FORCE
23:19:56.355 [FXGL Background Thread 1 ] DEBUG GameScene            - Game scene initialized: 800x600
23:19:56.366 [FXGL Background Thread 1 ] DEBUG FXGL.DefaultMenu     - createMenuBodyMainMenu()
23:19:56.380 [FXGL Background Thread 1 ] DEBUG FXGL.DefaultMenu     - createOptionsMenu()
23:19:56.392 [FXGL Background Thread 1 ] DEBUG FXGLAssetLoaderServi - Loading from file system: jar:file:///C:/Users/alexb/.m2/repository/com/github/almasb/fxgl/17/fxgl-17.jar!/fxglassets/textures/particles/smoke.png
23:19:56.468 [FXGL Background Thread 1 ] DEBUG FXGLAssetLoaderServi - Loading from file system: jar:file:///C:/Users/alexb/.m2/repository/com/github/almasb/fxgl/17/fxgl-17.jar!/fxglassets/textures/particles/trace_horizontal.png
23:19:56.502 [FXGL Background Thread 1 ] DEBUG FXGL.DefaultMenu     - createMenuBodyGameMenu()
23:19:56.503 [FXGL Background Thread 1 ] DEBUG FXGL.DefaultMenu     - createOptionsMenu()
23:19:56.523 [FXGL Background Thread 1 ] DEBUG GameApplicationServi - Application scenes initialized
23:19:56.540 [FXGL Background Thread 1 ] DEBUG SystemBundleService  - Loading FXGL system data
23:19:56.544 [FXGL Background Thread 1 ] DEBUG FileSystemAccess     - Reading from: C:\Users\alexb\IdeaProjects\Arcade_Game\system\fxgl.bundle
23:19:56.551 [FXGL Background Thread 1 ] DEBUG SystemBundleService  - Bundle FXGL: {}
23:19:56.551 [FXGL Background Thread 1 ] DEBUG UpdaterService       - Checking for updates
23:19:56.554 [FXGL Background Thread 4 ] DEBUG FXGLApplication      - Loading fonts
23:19:56.555 [FXGL Background Thread 1 ] DEBUG FXGLApplication      - Loading default localization
23:19:56.555 [FXGL Background Thread 4 ] DEBUG FXGLAssetLoaderServi - Loading from file system: jar:file:///C:/Users/alexb/.m2/repository/com/github/almasb/fxgl/17/fxgl-17.jar!/fxglassets/ui/fonts/VarelaRound-Regular.ttf
23:19:56.555 [FXGL Background Thread 1 ] DEBUG FXGLAssetLoaderServi - Loading from file system: jar:file:///C:/Users/alexb/.m2/repository/com/github/almasb/fxgl/17/fxgl-17.jar!/fxglassets/languages/english.lang
23:19:56.569 [FXGL Background Thread 1 ] INFO  FXGLApplication      - FXGL initialization took: 0.382 sec
23:19:56.579 [JavaFX Application Thread] DEBUG Input                - Registered new binding: action0 - W
23:19:56.580 [JavaFX Application Thread] DEBUG Input                - Registered new binding: action1 - S
23:19:56.580 [JavaFX Application Thread] DEBUG Input                - Registered new binding: action2 - A
23:19:56.580 [JavaFX Application Thread] DEBUG Input                - Registered new binding: action3 - D
23:19:56.581 [JavaFX Application Thread] DEBUG Input                - Registered new binding: action4 - Right
23:19:56.581 [JavaFX Application Thread] DEBUG Input                - Registered new binding: action5 - Left
23:19:56.581 [JavaFX Application Thread] DEBUG Input                - Registered new binding: action6 - Up
23:19:56.582 [JavaFX Application Thread] DEBUG Input                - Registered new binding: action7 - Down
23:19:56.582 [JavaFX Application Thread] DEBUG FXGLAssetLoaderServi - Loading from file system: jar:file:///C:/Users/alexb/.m2/repository/com/github/almasb/fxgl/17/fxgl-17.jar!/fxglassets/textures/fxgl_icon.png
23:19:56.601 [JavaFX Application Thread] DEBUG FXGLAssetLoaderServi - Loading from file system: jar:file:///C:/Users/alexb/.m2/repository/com/github/almasb/fxgl/17/fxgl-17.jar!/fxglassets/textures/fxgl_default_cursor.png
23:19:56.603 [JavaFX Application Thread] DEBUG Input                - Registered new binding: Screenshot - CTRL+8
23:19:56.604 [JavaFX Application Thread] DEBUG Input                - Registered new binding: System info dump - CTRL+9
23:19:56.604 [JavaFX Application Thread] DEBUG Input                - Registered new binding: Restart - CTRL+R
23:19:56.605 [JavaFX Application Thread] DEBUG Input                - Registered new binding: Toggle Debug Camera - CTRL+7
23:19:56.607 [JavaFX Application Thread] DEBUG LoopRunner           - Starting loop
23:19:56.607 [JavaFX Application Thread] DEBUG LoopRunner           - Initializing JavaFX AnimationTimerLoop
23:19:56.609 [JavaFX Application Thread] DEBUG Input                - Clearing active input actions
23:19:56.610 [FXGL Background Thread 4 ] DEBUG FXGLAssetLoaderServi - Loading from file system: jar:file:///C:/Users/alexb/.m2/repository/com/github/almasb/fxgl/17/fxgl-17.jar!/fxglassets/ui/fonts/Abel-Regular.ttf
23:19:56.613 [FXGL Background Thread 4 ] DEBUG FXGLAssetLoaderServi - Loading from file system: jar:file:///C:/Users/alexb/.m2/repository/com/github/almasb/fxgl/17/fxgl-17.jar!/fxglassets/ui/fonts/TerminalLandMono-Regular.otf
23:19:56.616 [FXGL Background Thread 4 ] DEBUG FXGLAssetLoaderServi - Loading from file system: jar:file:///C:/Users/alexb/.m2/repository/com/github/almasb/fxgl/17/fxgl-17.jar!/fxglassets/ui/fonts/Courier-Prime.ttf
23:19:56.617 [JavaFX Application Thread] DEBUG GameApplicationServi - Removing overlay from FXGLStartupScene and adding to FXGLMainMenuDummyScene
23:19:56.617 [JavaFX Application Thread] DEBUG PrimaryStageWindow   - FXGLStartupScene -> FXGLMainMenuDummyScene
23:19:56.617 [JavaFX Application Thread] DEBUG PrimaryStageWindow   - Push state: FXGLDefaultMenu
23:19:56.621 [JavaFX Application Thread] DEBUG Input                - Clearing active input actions
23:19:56.627 [JavaFX Application Thread] DEBUG GameApplicationServi - Removing overlay from FXGLMainMenuDummyScene and adding to FXGLDefaultMenu
23:19:56.628 [JavaFX Application Thread] DEBUG PrimaryStageWindow   - FXGLMainMenuDummyScene -> FXGLDefaultMenu
23:19:56.633 [JavaFX Application Thread] DEBUG FXGLApplication      - Registering font factories with UI factory
23:19:57.053 [FXGL Background Thread 2 ] INFO  UpdaterService       - Your current version:  17
23:19:57.053 [FXGL Background Thread 2 ] INFO  UpdaterService       - Latest stable version: 17.2
23:19:58.794 [JavaFX Application Thread] DEBUG FXGLApplication      - Exiting FXGL
23:19:58.794 [JavaFX Application Thread] DEBUG LoopRunner           - Stopping loop
23:19:58.794 [JavaFX Application Thread] DEBUG SystemBundleService  - Saving FXGL system data
23:19:58.795 [JavaFX Application Thread] DEBUG FileSystemAccess     - Writing to: C:\Users\alexb\IdeaProjects\Arcade_Game\system\fxgl.bundle
23:19:58.796 [JavaFX Application Thread] DEBUG Async                - Shutting down background threads
23:19:58.797 [JavaFX Application Thread] DEBUG PrimaryStageWindow   - Closing main window
23:19:58.803 [JavaFX Application Thread] DEBUG Logger               - Closing Logger
