23:21:21.896 [main                     ] DEBUG Logger               - Configured Logger
23:21:21.921 [main                     ] DEBUG GameApplication      - Logging settings
Title: Arcade Game
Version: 1.0
Width: 800
Height: 600
Fullscreen: false
Intro: false
Profiling: false
Single step:false
App Mode: DEVELOPER
Menu Key: ESCAPE
Stage Style: DECORATED
Scene Factory: class com.almasb.fxgl.app.scene.SceneFactory

23:21:22.214 [JavaFX Application Thread] DEBUG FXGLApplication      - Initializing FXGL
23:21:22.218 [JavaFX Application Thread] INFO  Engine               - FXGL-17 (31.12.2021 18.16) on WINDOWS (J:17.0.2 FX:17.0.1)
23:21:22.219 [JavaFX Application Thread] DEBUG Engine               - JRE Vendor Name: Oracle Corporation
23:21:22.219 [JavaFX Application Thread] DEBUG Engine               - Running on OS: Windows 10 version 10.0
23:21:22.219 [JavaFX Application Thread] DEBUG Engine               - Architecture: amd64
23:21:22.219 [JavaFX Application Thread] INFO  Engine               - Source code and latest versions at: https://github.com/AlmasB/FXGL
23:21:22.219 [JavaFX Application Thread] INFO  Engine               -       Ask questions and discuss at: https://github.com/AlmasB/FXGL/discussions
23:21:22.219 [JavaFX Application Thread] INFO  Engine               -              Join the FXGL chat at: https://gitter.im/AlmasB/FXGL
23:21:22.284 [JavaFX Application Thread] DEBUG PrimaryStageWindow   - Creating a JavaFX scene
23:21:22.315 [JavaFX Application Thread] DEBUG PrimaryStageWindow   - Target settings size: 800.0 x 600.0
23:21:22.315 [JavaFX Application Thread] DEBUG PrimaryStageWindow   - Scaled scene size:    800.0 x 600.0
23:21:22.315 [JavaFX Application Thread] DEBUG PrimaryStageWindow   - Scaled ratio: (1.0, 1.0)
23:21:22.316 [JavaFX Application Thread] DEBUG PrimaryStageWindow   - Set initial scene to FXGLStartupScene
23:21:22.320 [JavaFX Application Thread] DEBUG PrimaryStageWindow   - Opening main window
23:21:22.376 [JavaFX Application Thread] DEBUG PrimaryStageWindow   - Window border size: (16.0, 39.0)
23:21:22.376 [JavaFX Application Thread] DEBUG PrimaryStageWindow   - Scaled size: 800.0 x 600.0
23:21:22.376 [JavaFX Application Thread] DEBUG PrimaryStageWindow   - Scaled ratio: (1.0, 1.0)
23:21:22.376 [JavaFX Application Thread] DEBUG PrimaryStageWindow   - Scene size: 800.0 x 600.0
23:21:22.377 [JavaFX Application Thread] DEBUG PrimaryStageWindow   - Stage size: 816.0 x 639.0
23:21:22.382 [FXGL Background Thread 1 ] DEBUG Engine               - Initializing environment variables
23:21:22.406 [FXGL Background Thread 1 ] DEBUG FXGLAssetLoaderServi - User app class for loading assets: class com.example.snake_test.Snake_Main
23:21:22.407 [FXGL Background Thread 1 ] DEBUG GameApplicationServi - Applying CSS: fxgl_dark.css
23:21:22.408 [FXGL Background Thread 1 ] DEBUG FXGLAssetLoaderServi - Loading from file system: jar:file:///C:/Users/alexb/.m2/repository/com/github/almasb/fxgl/17/fxgl-17.jar!/fxglassets/ui/css/fxgl_dark.css
23:21:22.443 [FXGL Background Thread 1 ] DEBUG GameApplicationServi - Initializing application scenes
23:21:22.470 [FXGL Background Thread 1 ] DEBUG GameWorld            - Game world initialized
23:21:22.523 [FXGL Background Thread 1 ] DEBUG PhysicsWorld         - Physics world initialized: appHeight=600, physics.ppm=50.0
23:21:22.524 [FXGL Background Thread 1 ] DEBUG PhysicsWorld         - Using strategy: BRUTE_FORCE
23:21:22.528 [FXGL Background Thread 1 ] DEBUG GameScene            - Game scene initialized: 800x600
23:21:22.540 [FXGL Background Thread 1 ] DEBUG FXGL.DefaultMenu     - createMenuBodyMainMenu()
23:21:22.553 [FXGL Background Thread 1 ] DEBUG FXGL.DefaultMenu     - createOptionsMenu()
23:21:22.563 [FXGL Background Thread 1 ] DEBUG FXGLAssetLoaderServi - Loading from file system: jar:file:///C:/Users/alexb/.m2/repository/com/github/almasb/fxgl/17/fxgl-17.jar!/fxglassets/textures/particles/smoke.png
23:21:22.636 [FXGL Background Thread 1 ] DEBUG FXGLAssetLoaderServi - Loading from file system: jar:file:///C:/Users/alexb/.m2/repository/com/github/almasb/fxgl/17/fxgl-17.jar!/fxglassets/textures/particles/trace_horizontal.png
23:21:22.667 [FXGL Background Thread 1 ] DEBUG FXGL.DefaultMenu     - createMenuBodyGameMenu()
23:21:22.668 [FXGL Background Thread 1 ] DEBUG FXGL.DefaultMenu     - createOptionsMenu()
23:21:22.683 [FXGL Background Thread 1 ] DEBUG GameApplicationServi - Application scenes initialized
23:21:22.692 [FXGL Background Thread 1 ] DEBUG SystemBundleService  - Loading FXGL system data
23:21:22.696 [FXGL Background Thread 1 ] DEBUG FileSystemAccess     - Reading from: C:\Users\alexb\IdeaProjects\Arcade_Game\system\fxgl.bundle
23:21:22.702 [FXGL Background Thread 1 ] DEBUG SystemBundleService  - Bundle FXGL: {}
23:21:22.703 [FXGL Background Thread 1 ] DEBUG UpdaterService       - Checking for updates
23:21:22.708 [FXGL Background Thread 4 ] DEBUG FXGLApplication      - Loading fonts
23:21:22.708 [FXGL Background Thread 1 ] DEBUG FXGLApplication      - Loading default localization
23:21:22.708 [FXGL Background Thread 4 ] DEBUG FXGLAssetLoaderServi - Loading from file system: jar:file:///C:/Users/alexb/.m2/repository/com/github/almasb/fxgl/17/fxgl-17.jar!/fxglassets/ui/fonts/VarelaRound-Regular.ttf
23:21:22.709 [FXGL Background Thread 1 ] DEBUG FXGLAssetLoaderServi - Loading from file system: jar:file:///C:/Users/alexb/.m2/repository/com/github/almasb/fxgl/17/fxgl-17.jar!/fxglassets/languages/english.lang
23:21:22.724 [FXGL Background Thread 1 ] INFO  FXGLApplication      - FXGL initialization took: 0.341 sec
23:21:22.735 [JavaFX Application Thread] DEBUG Input                - Registered new binding: action0 - W
23:21:22.736 [JavaFX Application Thread] DEBUG Input                - Registered new binding: action1 - S
23:21:22.737 [JavaFX Application Thread] DEBUG Input                - Registered new binding: action2 - A
23:21:22.737 [JavaFX Application Thread] DEBUG Input                - Registered new binding: action3 - D
23:21:22.738 [JavaFX Application Thread] DEBUG Input                - Registered new binding: action4 - Right
23:21:22.738 [JavaFX Application Thread] DEBUG Input                - Registered new binding: action5 - Left
23:21:22.739 [JavaFX Application Thread] DEBUG Input                - Registered new binding: action6 - Up
23:21:22.739 [JavaFX Application Thread] DEBUG Input                - Registered new binding: action7 - Down
23:21:22.740 [JavaFX Application Thread] DEBUG FXGLAssetLoaderServi - Loading from file system: jar:file:///C:/Users/alexb/.m2/repository/com/github/almasb/fxgl/17/fxgl-17.jar!/fxglassets/textures/fxgl_icon.png
23:21:22.760 [JavaFX Application Thread] DEBUG FXGLAssetLoaderServi - Loading from file system: jar:file:///C:/Users/alexb/.m2/repository/com/github/almasb/fxgl/17/fxgl-17.jar!/fxglassets/textures/fxgl_default_cursor.png
23:21:22.762 [JavaFX Application Thread] DEBUG Input                - Registered new binding: Screenshot - CTRL+8
23:21:22.762 [JavaFX Application Thread] DEBUG Input                - Registered new binding: System info dump - CTRL+9
23:21:22.763 [JavaFX Application Thread] DEBUG Input                - Registered new binding: Restart - CTRL+R
23:21:22.763 [JavaFX Application Thread] DEBUG Input                - Registered new binding: Toggle Debug Camera - CTRL+7
23:21:22.766 [JavaFX Application Thread] DEBUG LoopRunner           - Starting loop
23:21:22.766 [JavaFX Application Thread] DEBUG LoopRunner           - Initializing JavaFX AnimationTimerLoop
23:21:22.769 [JavaFX Application Thread] DEBUG Input                - Clearing active input actions
23:21:22.777 [JavaFX Application Thread] DEBUG GameApplicationServi - Removing overlay from FXGLStartupScene and adding to FXGLMainMenuDummyScene
23:21:22.778 [JavaFX Application Thread] DEBUG PrimaryStageWindow   - FXGLStartupScene -> FXGLMainMenuDummyScene
23:21:22.778 [JavaFX Application Thread] DEBUG PrimaryStageWindow   - Push state: FXGLDefaultMenu
23:21:22.779 [FXGL Background Thread 4 ] DEBUG FXGLAssetLoaderServi - Loading from file system: jar:file:///C:/Users/alexb/.m2/repository/com/github/almasb/fxgl/17/fxgl-17.jar!/fxglassets/ui/fonts/Abel-Regular.ttf
23:21:22.782 [JavaFX Application Thread] DEBUG Input                - Clearing active input actions
23:21:22.782 [FXGL Background Thread 4 ] DEBUG FXGLAssetLoaderServi - Loading from file system: jar:file:///C:/Users/alexb/.m2/repository/com/github/almasb/fxgl/17/fxgl-17.jar!/fxglassets/ui/fonts/TerminalLandMono-Regular.otf
23:21:22.785 [FXGL Background Thread 4 ] DEBUG FXGLAssetLoaderServi - Loading from file system: jar:file:///C:/Users/alexb/.m2/repository/com/github/almasb/fxgl/17/fxgl-17.jar!/fxglassets/ui/fonts/Courier-Prime.ttf
23:21:22.791 [JavaFX Application Thread] DEBUG GameApplicationServi - Removing overlay from FXGLMainMenuDummyScene and adding to FXGLDefaultMenu
23:21:22.791 [JavaFX Application Thread] DEBUG PrimaryStageWindow   - FXGLMainMenuDummyScene -> FXGLDefaultMenu
23:21:22.859 [JavaFX Application Thread] DEBUG FXGLApplication      - Registering font factories with UI factory
23:21:23.076 [FXGL Background Thread 2 ] INFO  UpdaterService       - Your current version:  17
23:21:23.076 [FXGL Background Thread 2 ] INFO  UpdaterService       - Latest stable version: 17.2
23:21:23.747 [JavaFX Application Thread] DEBUG Menu                 - fireNewGame()
23:21:23.747 [JavaFX Application Thread] DEBUG GameApplicationServi - Starting new game
23:21:23.749 [JavaFX Application Thread] DEBUG PrimaryStageWindow   - Pop state: FXGLDefaultMenu
23:21:23.749 [JavaFX Application Thread] DEBUG Input                - Clearing active input actions
23:21:23.750 [JavaFX Application Thread] DEBUG GameApplicationServi - Removing overlay from FXGLDefaultMenu and adding to FXGLMainMenuDummyScene
23:21:23.751 [JavaFX Application Thread] DEBUG PrimaryStageWindow   - FXGLMainMenuDummyScene <- FXGLDefaultMenu
23:21:23.751 [JavaFX Application Thread] DEBUG Input                - Clearing active input actions
23:21:23.758 [JavaFX Application Thread] DEBUG GameApplicationServi - Removing overlay from FXGLMainMenuDummyScene and adding to FXGLLoadingScene
23:21:23.758 [JavaFX Application Thread] DEBUG PrimaryStageWindow   - FXGLMainMenuDummyScene -> FXGLLoadingScene
23:21:23.758 [JavaFX Application Thread] DEBUG GameApplicationServi - Clearing previous game
23:21:23.758 [JavaFX Application Thread] DEBUG GameScene            - Clearing game scene
23:21:23.758 [JavaFX Application Thread] DEBUG GameWorld            - Clearing game world
23:21:23.758 [JavaFX Application Thread] DEBUG PhysicsWorld         - Clearing physics world
23:21:23.760 [FXGL Background Thread 2 ] DEBUG FXGLApplication      - Initializing game
23:21:23.778 [FXGL Background Thread 2 ] INFO  FXGLApplication      - Game initialization took: 0.018 sec
23:21:23.779 [JavaFX Application Thread] DEBUG Input                - Clearing active input actions
23:21:23.783 [JavaFX Application Thread] DEBUG GameApplicationServi - Removing overlay from FXGLLoadingScene and adding to GameScene
23:21:23.783 [JavaFX Application Thread] DEBUG PrimaryStageWindow   - FXGLLoadingScene -> GameScene
23:21:25.706 [FXGL Background Thread 3 ] DEBUG Engine               - Logging environment variables
23:21:25.706 [FXGL Background Thread 3 ] DEBUG Engine               - achievements: []
23:21:25.706 [FXGL Background Thread 3 ] DEBUG Engine               - actualHeight: 600.0
23:21:25.707 [FXGL Background Thread 3 ] DEBUG Engine               - actualHeightProperty: ReadOnlyDoubleProperty [value: 600.0]
23:21:25.707 [FXGL Background Thread 3 ] DEBUG Engine               - actualWidth: 800.0
23:21:25.707 [FXGL Background Thread 3 ] DEBUG Engine               - actualWidthProperty: ReadOnlyDoubleProperty [value: 800.0]
23:21:25.707 [FXGL Background Thread 3 ] DEBUG Engine               - appIcon: fxgl_icon.png
23:21:25.707 [FXGL Background Thread 3 ] DEBUG Engine               - applicationMode: DEVELOPER
23:21:25.707 [FXGL Background Thread 3 ] DEBUG Engine               - cSSList: [fxgl_dark.css]
23:21:25.707 [FXGL Background Thread 3 ] DEBUG Engine               - collisionDetectionStrategy: BRUTE_FORCE
23:21:25.707 [FXGL Background Thread 3 ] DEBUG Engine               - configClass: Optional.empty
23:21:25.707 [FXGL Background Thread 3 ] DEBUG Engine               - credits: []
23:21:25.707 [FXGL Background Thread 3 ] DEBUG Engine               - defaultCursor: CursorInfo(imageName=fxgl_default_cursor.png, hotspotX=7.0, hotspotY=6.0)
23:21:25.708 [FXGL Background Thread 3 ] DEBUG Engine               - devBBoxColorProperty: ObjectProperty [value: 0xff0000ff]
23:21:25.708 [FXGL Background Thread 3 ] DEBUG Engine               - devEnableDebugCameraProperty: BooleanProperty [value: false]
23:21:25.708 [FXGL Background Thread 3 ] DEBUG Engine               - devSensorColorProperty: ObjectProperty [value: 0xffff00ff]
23:21:25.708 [FXGL Background Thread 3 ] DEBUG Engine               - devShowBBoxProperty: BooleanProperty [value: false]
23:21:25.708 [FXGL Background Thread 3 ] DEBUG Engine               - devShowPositionProperty: BooleanProperty [value: false]
23:21:25.708 [FXGL Background Thread 3 ] DEBUG Engine               - enabledMenuItems: []
23:21:25.708 [FXGL Background Thread 3 ] DEBUG Engine               - engineServices: [class com.almasb.fxgl.app.services.FXGLAssetLoaderService, class com.almasb.fxgl.app.FXGLApplication$GameApplicationService, class com.almasb.fxgl.app.services.FXGLDialogService, class com.almasb.fxgl.app.services.IOTaskExecutorService, class com.almasb.fxgl.io.FileSystemService, class com.almasb.fxgl.localization.LocalizationService, class com.almasb.fxgl.app.services.SystemBundleService, class com.almasb.fxgl.profile.SaveLoadService, class com.almasb.fxgl.ui.FXGLUIFactoryServiceProvider, class com.almasb.fxgl.ui.FXGLDialogFactoryServiceProvider, class com.almasb.fxgl.audio.AudioPlayer, class com.almasb.fxgl.notification.impl.NotificationServiceProvider, class com.almasb.fxgl.achievement.AchievementService, class com.almasb.fxgl.cutscene.CutsceneService, class com.almasb.fxgl.minigames.MiniGameService, class com.almasb.fxgl.net.NetService, class com.almasb.fxgl.app.services.UpdaterService, class com.almasb.fxgl.dev.DevService]
23:21:25.709 [FXGL Background Thread 3 ] DEBUG Engine               - fontGame: Abel-Regular.ttf
23:21:25.709 [FXGL Background Thread 3 ] DEBUG Engine               - fontMono: TerminalLandMono-Regular.otf
23:21:25.709 [FXGL Background Thread 3 ] DEBUG Engine               - fontText: Courier-Prime.ttf
23:21:25.709 [FXGL Background Thread 3 ] DEBUG Engine               - fontUI: VarelaRound-Regular.ttf
23:21:25.709 [FXGL Background Thread 3 ] DEBUG Engine               - fullScreen: BooleanProperty [value: false]
23:21:25.709 [FXGL Background Thread 3 ] DEBUG Engine               - gameDifficulty: MEDIUM
23:21:25.709 [FXGL Background Thread 3 ] DEBUG Engine               - gameDifficultyProperty: ObjectProperty [value: MEDIUM]
23:21:25.709 [FXGL Background Thread 3 ] DEBUG Engine               - globalMusicVolume: 0.5
23:21:25.709 [FXGL Background Thread 3 ] DEBUG Engine               - globalMusicVolumeProperty: DoubleProperty [value: 0.5]
23:21:25.709 [FXGL Background Thread 3 ] DEBUG Engine               - globalSoundVolume: 0.5
23:21:25.709 [FXGL Background Thread 3 ] DEBUG Engine               - globalSoundVolumeProperty: DoubleProperty [value: 0.5]
23:21:25.709 [FXGL Background Thread 3 ] DEBUG Engine               - height: 600
23:21:25.709 [FXGL Background Thread 3 ] DEBUG Engine               - is3D: false
23:21:25.709 [FXGL Background Thread 3 ] DEBUG Engine               - isAndroid: false
23:21:25.710 [FXGL Background Thread 3 ] DEBUG Engine               - isBrowser: false
23:21:25.710 [FXGL Background Thread 3 ] DEBUG Engine               - isClickFeedbackEnabled: false
23:21:25.710 [FXGL Background Thread 3 ] DEBUG Engine               - isCloseConfirmation: false
23:21:25.710 [FXGL Background Thread 3 ] DEBUG Engine               - isDesktop: true
23:21:25.710 [FXGL Background Thread 3 ] DEBUG Engine               - isDeveloperMenuEnabled: false
23:21:25.710 [FXGL Background Thread 3 ] DEBUG Engine               - isEmbedded: false
23:21:25.710 [FXGL Background Thread 3 ] DEBUG Engine               - isEntityPreloadEnabled: true
23:21:25.710 [FXGL Background Thread 3 ] DEBUG Engine               - isExperimentalTiledLargeMap: false
23:21:25.711 [FXGL Background Thread 3 ] DEBUG Engine               - isFileSystemWriteAllowed: true
23:21:25.711 [FXGL Background Thread 3 ] DEBUG Engine               - isFullScreenAllowed: false
23:21:25.711 [FXGL Background Thread 3 ] DEBUG Engine               - isFullScreenFromStart: false
23:21:25.711 [FXGL Background Thread 3 ] DEBUG Engine               - isGameMenuEnabled: true
23:21:25.711 [FXGL Background Thread 3 ] DEBUG Engine               - isIOS: false
23:21:25.711 [FXGL Background Thread 3 ] DEBUG Engine               - isIntroEnabled: false
23:21:25.711 [FXGL Background Thread 3 ] DEBUG Engine               - isLinux: false
23:21:25.711 [FXGL Background Thread 3 ] DEBUG Engine               - isMac: false
23:21:25.711 [FXGL Background Thread 3 ] DEBUG Engine               - isMainMenuEnabled: true
23:21:25.711 [FXGL Background Thread 3 ] DEBUG Engine               - isManualResizeEnabled: false
23:21:25.712 [FXGL Background Thread 3 ] DEBUG Engine               - isMobile: false
23:21:25.712 [FXGL Background Thread 3 ] DEBUG Engine               - isNative: false
23:21:25.712 [FXGL Background Thread 3 ] DEBUG Engine               - isPauseMusicWhenMinimized: true
23:21:25.712 [FXGL Background Thread 3 ] DEBUG Engine               - isPreserveResizeRatio: false
23:21:25.712 [FXGL Background Thread 3 ] DEBUG Engine               - isProfilingEnabled: false
23:21:25.712 [FXGL Background Thread 3 ] DEBUG Engine               - isScaleAffectedOnResize: true
23:21:25.712 [FXGL Background Thread 3 ] DEBUG Engine               - isSingleStep: false
23:21:25.712 [FXGL Background Thread 3 ] DEBUG Engine               - isUserProfileEnabled: false
23:21:25.712 [FXGL Background Thread 3 ] DEBUG Engine               - isWindows: true
23:21:25.712 [FXGL Background Thread 3 ] DEBUG Engine               - language: ObjectProperty [value: ENGLISH]
23:21:25.712 [FXGL Background Thread 3 ] DEBUG Engine               - menuKey: ESCAPE
23:21:25.712 [FXGL Background Thread 3 ] DEBUG Engine               - mouseSensitivity: 0.2
23:21:25.712 [FXGL Background Thread 3 ] DEBUG Engine               - notificationViewClass: class com.almasb.fxgl.notification.view.XboxNotificationView
23:21:25.712 [FXGL Background Thread 3 ] DEBUG Engine               - pixelsPerMeter: 50.0
23:21:25.713 [FXGL Background Thread 3 ] DEBUG Engine               - platform: WINDOWS
23:21:25.713 [FXGL Background Thread 3 ] DEBUG Engine               - prefHeightProperty: ReadOnlyDoubleProperty [value: 600.0]
23:21:25.713 [FXGL Background Thread 3 ] DEBUG Engine               - prefWidthProperty: ReadOnlyDoubleProperty [value: 800.0]
23:21:25.713 [FXGL Background Thread 3 ] DEBUG Engine               - profileDir: profiles/
23:21:25.713 [FXGL Background Thread 3 ] DEBUG Engine               - profileName: StringProperty [value: DEFAULT]
23:21:25.713 [FXGL Background Thread 3 ] DEBUG Engine               - randomSeed: -1
23:21:25.713 [FXGL Background Thread 3 ] DEBUG Engine               - runtimeInfo: RuntimeInfo(platform=WINDOWS, version=17, build=31.12.2021 18.16)
23:21:25.713 [FXGL Background Thread 3 ] DEBUG Engine               - saveFileExt: sav
23:21:25.713 [FXGL Background Thread 3 ] DEBUG Engine               - scaledHeightProp$fxgl: DoubleProperty [bound, value: 600.0]
23:21:25.713 [FXGL Background Thread 3 ] DEBUG Engine               - scaledWidthProp$fxgl: DoubleProperty [bound, value: 800.0]
23:21:25.714 [FXGL Background Thread 3 ] DEBUG Engine               - sceneFactory: com.almasb.fxgl.app.scene.SceneFactory@2425c78d
23:21:25.714 [FXGL Background Thread 3 ] DEBUG Engine               - secondsIn24h: 60
23:21:25.714 [FXGL Background Thread 3 ] DEBUG Engine               - soundMenuBack: menu/back.wav
23:21:25.714 [FXGL Background Thread 3 ] DEBUG Engine               - soundMenuPress: menu/press.wav
23:21:25.714 [FXGL Background Thread 3 ] DEBUG Engine               - soundMenuSelect: menu/select.wav
23:21:25.714 [FXGL Background Thread 3 ] DEBUG Engine               - soundNotification: core/notification.wav
23:21:25.714 [FXGL Background Thread 3 ] DEBUG Engine               - stageStyle: DECORATED
23:21:25.714 [FXGL Background Thread 3 ] DEBUG Engine               - supportedLanguages: [ENGLISH, FRENCH, GERMAN, HUNGARIAN, RUSSIAN]
23:21:25.714 [FXGL Background Thread 3 ] DEBUG Engine               - ticksPerSecond: -1
23:21:25.714 [FXGL Background Thread 3 ] DEBUG Engine               - title: Arcade Game
23:21:25.714 [FXGL Background Thread 3 ] DEBUG Engine               - urlGithub: https://github.com/AlmasB/FXGL
23:21:25.714 [FXGL Background Thread 3 ] DEBUG Engine               - urlLeaderboard: http://fxgl-top.herokuapp.com/
23:21:25.714 [FXGL Background Thread 3 ] DEBUG Engine               - urlPOM: https://raw.githubusercontent.com/AlmasB/FXGL/release/README.md
23:21:25.714 [FXGL Background Thread 3 ] DEBUG Engine               - userAppClass: class com.example.snake_test.Snake_Main
23:21:25.714 [FXGL Background Thread 3 ] DEBUG Engine               - version: 1.0
23:21:25.714 [FXGL Background Thread 3 ] DEBUG Engine               - versionCheckDays: 7
23:21:25.715 [FXGL Background Thread 3 ] DEBUG Engine               - width: 800
23:21:25.715 [FXGL Background Thread 3 ] DEBUG Engine               - Logging services
23:21:25.715 [FXGL Background Thread 3 ] DEBUG Engine               - class com.almasb.fxgl.app.services.FXGLAssetLoaderService
23:21:25.715 [FXGL Background Thread 3 ] DEBUG Engine               - class com.almasb.fxgl.app.FXGLApplication$GameApplicationService
23:21:25.715 [FXGL Background Thread 3 ] DEBUG Engine               - class com.almasb.fxgl.app.services.FXGLDialogService
23:21:25.715 [FXGL Background Thread 3 ] DEBUG Engine               - class com.almasb.fxgl.app.services.IOTaskExecutorService
23:21:25.715 [FXGL Background Thread 3 ] DEBUG Engine               - class com.almasb.fxgl.io.FileSystemService
23:21:25.715 [FXGL Background Thread 3 ] DEBUG Engine               - class com.almasb.fxgl.localization.LocalizationService
23:21:25.715 [FXGL Background Thread 3 ] DEBUG Engine               - class com.almasb.fxgl.app.services.SystemBundleService
23:21:25.715 [FXGL Background Thread 3 ] DEBUG Engine               - class com.almasb.fxgl.profile.SaveLoadService
23:21:25.715 [FXGL Background Thread 3 ] DEBUG Engine               - class com.almasb.fxgl.ui.FXGLUIFactoryServiceProvider
23:21:25.715 [FXGL Background Thread 3 ] DEBUG Engine               - class com.almasb.fxgl.ui.FXGLDialogFactoryServiceProvider
23:21:25.715 [FXGL Background Thread 3 ] DEBUG Engine               - class com.almasb.fxgl.audio.AudioPlayer
23:21:25.715 [FXGL Background Thread 3 ] DEBUG Engine               - class com.almasb.fxgl.notification.impl.NotificationServiceProvider
23:21:25.715 [FXGL Background Thread 3 ] DEBUG Engine               - class com.almasb.fxgl.achievement.AchievementService
23:21:25.715 [FXGL Background Thread 3 ] DEBUG Engine               - class com.almasb.fxgl.cutscene.CutsceneService
23:21:25.715 [FXGL Background Thread 3 ] DEBUG Engine               - class com.almasb.fxgl.minigames.MiniGameService
23:21:25.716 [FXGL Background Thread 3 ] DEBUG Engine               - class com.almasb.fxgl.net.NetService
23:21:25.716 [FXGL Background Thread 3 ] DEBUG Engine               - class com.almasb.fxgl.app.services.UpdaterService
23:21:25.716 [FXGL Background Thread 3 ] DEBUG Engine               - class com.almasb.fxgl.dev.DevService
23:21:28.635 [JavaFX Application Thread] DEBUG PrimaryStageWindow   - Push state: DialogSubScene
23:21:28.635 [JavaFX Application Thread] DEBUG Input                - Clearing active input actions
23:21:28.635 [JavaFX Application Thread] DEBUG GameApplicationServi - Removing overlay from GameScene and adding to DialogSubScene
23:21:28.636 [JavaFX Application Thread] DEBUG PrimaryStageWindow   - GameScene -> DialogSubScene
23:21:30.476 [JavaFX Application Thread] DEBUG PrimaryStageWindow   - Pop state: DialogSubScene
23:21:30.476 [JavaFX Application Thread] DEBUG Input                - Clearing active input actions
23:21:30.476 [JavaFX Application Thread] DEBUG GameApplicationServi - Removing overlay from DialogSubScene and adding to GameScene
23:21:30.476 [JavaFX Application Thread] DEBUG PrimaryStageWindow   - GameScene <- DialogSubScene
23:21:30.476 [JavaFX Application Thread] DEBUG GameApplicationServi - Starting new game
23:21:30.476 [JavaFX Application Thread] DEBUG Input                - Clearing active input actions
23:21:30.480 [JavaFX Application Thread] DEBUG GameApplicationServi - Removing overlay from GameScene and adding to FXGLLoadingScene
23:21:30.480 [JavaFX Application Thread] DEBUG PrimaryStageWindow   - GameScene -> FXGLLoadingScene
23:21:30.480 [JavaFX Application Thread] DEBUG GameApplicationServi - Clearing previous game
23:21:30.480 [JavaFX Application Thread] DEBUG GameScene            - Clearing game scene
23:21:30.481 [JavaFX Application Thread] DEBUG GameWorld            - Clearing game world
23:21:30.482 [JavaFX Application Thread] DEBUG PhysicsWorld         - Clearing physics world
23:21:30.482 [FXGL Background Thread 2 ] DEBUG FXGLApplication      - Initializing game
23:21:30.483 [FXGL Background Thread 2 ] INFO  FXGLApplication      - Game initialization took: 0.001 sec
23:21:30.484 [JavaFX Application Thread] DEBUG Input                - Clearing active input actions
23:21:30.487 [JavaFX Application Thread] DEBUG GameApplicationServi - Removing overlay from FXGLLoadingScene and adding to GameScene
23:21:30.487 [JavaFX Application Thread] DEBUG PrimaryStageWindow   - FXGLLoadingScene -> GameScene
23:22:05.269 [JavaFX Application Thread] DEBUG PrimaryStageWindow   - Push state: DialogSubScene
23:22:05.269 [JavaFX Application Thread] DEBUG Input                - Clearing active input actions
23:22:05.270 [JavaFX Application Thread] DEBUG GameApplicationServi - Removing overlay from GameScene and adding to DialogSubScene
23:22:05.270 [JavaFX Application Thread] DEBUG PrimaryStageWindow   - GameScene -> DialogSubScene
23:22:08.466 [JavaFX Application Thread] DEBUG FXGLApplication      - Exiting FXGL
23:22:08.466 [JavaFX Application Thread] DEBUG LoopRunner           - Stopping loop
23:22:08.466 [JavaFX Application Thread] DEBUG SystemBundleService  - Saving FXGL system data
23:22:08.467 [JavaFX Application Thread] DEBUG FileSystemAccess     - Writing to: C:\Users\alexb\IdeaProjects\Arcade_Game\system\fxgl.bundle
23:22:08.469 [JavaFX Application Thread] DEBUG Async                - Shutting down background threads
23:22:08.469 [JavaFX Application Thread] DEBUG PrimaryStageWindow   - Closing main window
23:22:08.474 [JavaFX Application Thread] DEBUG Logger               - Closing Logger
